26-Aug-2024 11:46:59.761 INFO [main] org.apache.catalina.startup.VersionLoggerListener.log Server version name:   Apache Tomcat/9.0.93
26-Aug-2024 11:46:59.776 INFO [main] org.apache.catalina.startup.VersionLoggerListener.log Server built:          Aug 2 2024 21:24:59 UTC
26-Aug-2024 11:46:59.777 INFO [main] org.apache.catalina.startup.VersionLoggerListener.log Server version number: 9.0.93.0
26-Aug-2024 11:46:59.777 INFO [main] org.apache.catalina.startup.VersionLoggerListener.log OS Name:               Linux
26-Aug-2024 11:46:59.778 INFO [main] org.apache.catalina.startup.VersionLoggerListener.log OS Version:            6.8.0-39-generic
26-Aug-2024 11:46:59.778 INFO [main] org.apache.catalina.startup.VersionLoggerListener.log Architecture:          amd64
26-Aug-2024 11:46:59.778 INFO [main] org.apache.catalina.startup.VersionLoggerListener.log Java Home:             /usr/lib/jvm/java-21-openjdk-amd64
26-Aug-2024 11:46:59.778 INFO [main] org.apache.catalina.startup.VersionLoggerListener.log JVM Version:           21.0.4+7-Ubuntu-1ubuntu224.04
26-Aug-2024 11:46:59.778 INFO [main] org.apache.catalina.startup.VersionLoggerListener.log JVM Vendor:            Ubuntu
26-Aug-2024 11:46:59.778 INFO [main] org.apache.catalina.startup.VersionLoggerListener.log CATALINA_BASE:         /home/vijay/anirudh/apache-tomcat-9.0.93
26-Aug-2024 11:46:59.778 INFO [main] org.apache.catalina.startup.VersionLoggerListener.log CATALINA_HOME:         /home/vijay/anirudh/apache-tomcat-9.0.93
26-Aug-2024 11:46:59.857 INFO [main] org.apache.catalina.startup.VersionLoggerListener.log Command line argument: --add-opens=java.base/java.lang=ALL-UNNAMED
26-Aug-2024 11:46:59.859 INFO [main] org.apache.catalina.startup.VersionLoggerListener.log Command line argument: --add-opens=java.base/java.io=ALL-UNNAMED
26-Aug-2024 11:46:59.859 INFO [main] org.apache.catalina.startup.VersionLoggerListener.log Command line argument: --add-opens=java.base/java.util=ALL-UNNAMED
26-Aug-2024 11:46:59.859 INFO [main] org.apache.catalina.startup.VersionLoggerListener.log Command line argument: --add-opens=java.base/java.util.concurrent=ALL-UNNAMED
26-Aug-2024 11:46:59.859 INFO [main] org.apache.catalina.startup.VersionLoggerListener.log Command line argument: --add-opens=java.rmi/sun.rmi.transport=ALL-UNNAMED
26-Aug-2024 11:46:59.859 INFO [main] org.apache.catalina.startup.VersionLoggerListener.log Command line argument: -Djava.util.logging.config.file=/home/vijay/anirudh/apache-tomcat-9.0.93/conf/logging.properties
26-Aug-2024 11:46:59.859 INFO [main] org.apache.catalina.startup.VersionLoggerListener.log Command line argument: -Djava.util.logging.manager=org.apache.juli.ClassLoaderLogManager
26-Aug-2024 11:46:59.859 INFO [main] org.apache.catalina.startup.VersionLoggerListener.log Command line argument: -Djdk.tls.ephemeralDHKeySize=2048
26-Aug-2024 11:46:59.859 INFO [main] org.apache.catalina.startup.VersionLoggerListener.log Command line argument: -Djava.protocol.handler.pkgs=org.apache.catalina.webresources
26-Aug-2024 11:46:59.859 INFO [main] org.apache.catalina.startup.VersionLoggerListener.log Command line argument: -Dorg.apache.catalina.security.SecurityListener.UMASK=0027
26-Aug-2024 11:46:59.859 INFO [main] org.apache.catalina.startup.VersionLoggerListener.log Command line argument: -Dignore.endorsed.dirs=
26-Aug-2024 11:46:59.860 INFO [main] org.apache.catalina.startup.VersionLoggerListener.log Command line argument: -Dcatalina.base=/home/vijay/anirudh/apache-tomcat-9.0.93
26-Aug-2024 11:46:59.860 INFO [main] org.apache.catalina.startup.VersionLoggerListener.log Command line argument: -Dcatalina.home=/home/vijay/anirudh/apache-tomcat-9.0.93
26-Aug-2024 11:46:59.860 INFO [main] org.apache.catalina.startup.VersionLoggerListener.log Command line argument: -Djava.io.tmpdir=/home/vijay/anirudh/apache-tomcat-9.0.93/temp
26-Aug-2024 11:46:59.861 INFO [main] org.apache.catalina.core.AprLifecycleListener.lifecycleEvent The Apache Tomcat Native library which allows using OpenSSL was not found on the java.library.path: [/usr/java/packages/lib:/usr/lib/x86_64-linux-gnu/jni:/lib/x86_64-linux-gnu:/usr/lib/x86_64-linux-gnu:/usr/lib/jni:/lib:/usr/lib]
26-Aug-2024 11:47:00.735 INFO [main] org.apache.coyote.AbstractProtocol.init Initializing ProtocolHandler ["http-nio-8080"]
26-Aug-2024 11:47:00.793 INFO [main] org.apache.catalina.startup.Catalina.load Server initialization in [1474] milliseconds
26-Aug-2024 11:47:00.902 INFO [main] org.apache.catalina.core.StandardService.startInternal Starting service [Catalina]
26-Aug-2024 11:47:00.903 INFO [main] org.apache.catalina.core.StandardEngine.startInternal Starting Servlet engine: [Apache Tomcat/9.0.93]
26-Aug-2024 11:47:00.936 INFO [main] org.apache.catalina.startup.HostConfig.deployWAR Deploying web application archive [/home/vijay/anirudh/apache-tomcat-9.0.93/webapps/flipkart.war]
26-Aug-2024 11:47:01.806 INFO [main] org.apache.jasper.servlet.TldScanner.scanJars At least one JAR was scanned for TLDs yet contained no TLDs. Enable debug logging for this logger for a complete list of JARs that were scanned but no TLDs were found in them. Skipping unneeded JARs during scanning can improve startup time and JSP compilation time.
26-Aug-2024 11:47:01.906 INFO [main] org.apache.catalina.startup.HostConfig.deployWAR Deployment of web application archive [/home/vijay/anirudh/apache-tomcat-9.0.93/webapps/flipkart.war] has finished in [972] ms
26-Aug-2024 11:47:01.907 INFO [main] org.apache.catalina.startup.HostConfig.deployDirectory Deploying web application directory [/home/vijay/anirudh/apache-tomcat-9.0.93/webapps/host-manager]
26-Aug-2024 11:47:02.126 INFO [main] org.apache.jasper.servlet.TldScanner.scanJars At least one JAR was scanned for TLDs yet contained no TLDs. Enable debug logging for this logger for a complete list of JARs that were scanned but no TLDs were found in them. Skipping unneeded JARs during scanning can improve startup time and JSP compilation time.
26-Aug-2024 11:47:02.151 INFO [main] org.apache.catalina.startup.HostConfig.deployDirectory Deployment of web application directory [/home/vijay/anirudh/apache-tomcat-9.0.93/webapps/host-manager] has finished in [244] ms
26-Aug-2024 11:47:02.152 INFO [main] org.apache.catalina.startup.HostConfig.deployDirectory Deploying web application directory [/home/vijay/anirudh/apache-tomcat-9.0.93/webapps/manager]
26-Aug-2024 11:47:02.202 INFO [main] org.apache.jasper.servlet.TldScanner.scanJars At least one JAR was scanned for TLDs yet contained no TLDs. Enable debug logging for this logger for a complete list of JARs that were scanned but no TLDs were found in them. Skipping unneeded JARs during scanning can improve startup time and JSP compilation time.
26-Aug-2024 11:47:02.223 INFO [main] org.apache.catalina.startup.HostConfig.deployDirectory Deployment of web application directory [/home/vijay/anirudh/apache-tomcat-9.0.93/webapps/manager] has finished in [71] ms
26-Aug-2024 11:47:02.234 INFO [main] org.apache.catalina.startup.HostConfig.deployDirectory Deploying web application directory [/home/vijay/anirudh/apache-tomcat-9.0.93/webapps/docs]
26-Aug-2024 11:47:02.305 INFO [main] org.apache.jasper.servlet.TldScanner.scanJars At least one JAR was scanned for TLDs yet contained no TLDs. Enable debug logging for this logger for a complete list of JARs that were scanned but no TLDs were found in them. Skipping unneeded JARs during scanning can improve startup time and JSP compilation time.
26-Aug-2024 11:47:02.307 INFO [main] org.apache.catalina.startup.HostConfig.deployDirectory Deployment of web application directory [/home/vijay/anirudh/apache-tomcat-9.0.93/webapps/docs] has finished in [73] ms
26-Aug-2024 11:47:02.308 INFO [main] org.apache.catalina.startup.HostConfig.deployDirectory Deploying web application directory [/home/vijay/anirudh/apache-tomcat-9.0.93/webapps/ROOT]
26-Aug-2024 11:47:02.347 INFO [main] org.apache.jasper.servlet.TldScanner.scanJars At least one JAR was scanned for TLDs yet contained no TLDs. Enable debug logging for this logger for a complete list of JARs that were scanned but no TLDs were found in them. Skipping unneeded JARs during scanning can improve startup time and JSP compilation time.
26-Aug-2024 11:47:02.350 INFO [main] org.apache.catalina.startup.HostConfig.deployDirectory Deployment of web application directory [/home/vijay/anirudh/apache-tomcat-9.0.93/webapps/ROOT] has finished in [42] ms
26-Aug-2024 11:47:02.351 INFO [main] org.apache.catalina.startup.HostConfig.deployDirectory Deploying web application directory [/home/vijay/anirudh/apache-tomcat-9.0.93/webapps/examples]
26-Aug-2024 11:47:02.871 INFO [main] org.apache.jasper.servlet.TldScanner.scanJars At least one JAR was scanned for TLDs yet contained no TLDs. Enable debug logging for this logger for a complete list of JARs that were scanned but no TLDs were found in them. Skipping unneeded JARs during scanning can improve startup time and JSP compilation time.
26-Aug-2024 11:47:02.933 INFO [main] org.apache.catalina.startup.HostConfig.deployDirectory Deployment of web application directory [/home/vijay/anirudh/apache-tomcat-9.0.93/webapps/examples] has finished in [582] ms
26-Aug-2024 11:47:02.954 INFO [main] org.apache.coyote.AbstractProtocol.start Starting ProtocolHandler ["http-nio-8080"]
26-Aug-2024 11:47:03.002 INFO [main] org.apache.catalina.startup.Catalina.start Server startup in [2205] milliseconds
26-Aug-2024 11:53:02.513 INFO [main] org.apache.catalina.startup.VersionLoggerListener.log Server version name:   Apache Tomcat/9.0.93
26-Aug-2024 11:53:02.534 INFO [main] org.apache.catalina.startup.VersionLoggerListener.log Server built:          Aug 2 2024 21:24:59 UTC
26-Aug-2024 11:53:02.534 INFO [main] org.apache.catalina.startup.VersionLoggerListener.log Server version number: 9.0.93.0
26-Aug-2024 11:53:02.535 INFO [main] org.apache.catalina.startup.VersionLoggerListener.log OS Name:               Linux
26-Aug-2024 11:53:02.535 INFO [main] org.apache.catalina.startup.VersionLoggerListener.log OS Version:            6.8.0-39-generic
26-Aug-2024 11:53:02.535 INFO [main] org.apache.catalina.startup.VersionLoggerListener.log Architecture:          amd64
26-Aug-2024 11:53:02.535 INFO [main] org.apache.catalina.startup.VersionLoggerListener.log Java Home:             /usr/lib/jvm/java-21-openjdk-amd64
26-Aug-2024 11:53:02.535 INFO [main] org.apache.catalina.startup.VersionLoggerListener.log JVM Version:           21.0.4+7-Ubuntu-1ubuntu224.04
26-Aug-2024 11:53:02.535 INFO [main] org.apache.catalina.startup.VersionLoggerListener.log JVM Vendor:            Ubuntu
26-Aug-2024 11:53:02.535 INFO [main] org.apache.catalina.startup.VersionLoggerListener.log CATALINA_BASE:         /home/vijay/anirudh/apache-tomcat-9.0.93
26-Aug-2024 11:53:02.538 INFO [main] org.apache.catalina.startup.VersionLoggerListener.log CATALINA_HOME:         /home/vijay/anirudh/apache-tomcat-9.0.93
26-Aug-2024 11:53:02.546 INFO [main] org.apache.catalina.startup.VersionLoggerListener.log Command line argument: --add-opens=java.base/java.lang=ALL-UNNAMED
26-Aug-2024 11:53:02.547 INFO [main] org.apache.catalina.startup.VersionLoggerListener.log Command line argument: --add-opens=java.base/java.io=ALL-UNNAMED
26-Aug-2024 11:53:02.547 INFO [main] org.apache.catalina.startup.VersionLoggerListener.log Command line argument: --add-opens=java.base/java.util=ALL-UNNAMED
26-Aug-2024 11:53:02.547 INFO [main] org.apache.catalina.startup.VersionLoggerListener.log Command line argument: --add-opens=java.base/java.util.concurrent=ALL-UNNAMED
26-Aug-2024 11:53:02.547 INFO [main] org.apache.catalina.startup.VersionLoggerListener.log Command line argument: --add-opens=java.rmi/sun.rmi.transport=ALL-UNNAMED
26-Aug-2024 11:53:02.547 INFO [main] org.apache.catalina.startup.VersionLoggerListener.log Command line argument: -Djava.util.logging.config.file=/home/vijay/anirudh/apache-tomcat-9.0.93/conf/logging.properties
26-Aug-2024 11:53:02.547 INFO [main] org.apache.catalina.startup.VersionLoggerListener.log Command line argument: -Djava.util.logging.manager=org.apache.juli.ClassLoaderLogManager
26-Aug-2024 11:53:02.547 INFO [main] org.apache.catalina.startup.VersionLoggerListener.log Command line argument: -Djdk.tls.ephemeralDHKeySize=2048
26-Aug-2024 11:53:02.547 INFO [main] org.apache.catalina.startup.VersionLoggerListener.log Command line argument: -Djava.protocol.handler.pkgs=org.apache.catalina.webresources
26-Aug-2024 11:53:02.547 INFO [main] org.apache.catalina.startup.VersionLoggerListener.log Command line argument: -Dorg.apache.catalina.security.SecurityListener.UMASK=0027
26-Aug-2024 11:53:02.547 INFO [main] org.apache.catalina.startup.VersionLoggerListener.log Command line argument: -Dignore.endorsed.dirs=
26-Aug-2024 11:53:02.547 INFO [main] org.apache.catalina.startup.VersionLoggerListener.log Command line argument: -Dcatalina.base=/home/vijay/anirudh/apache-tomcat-9.0.93
26-Aug-2024 11:53:02.547 INFO [main] org.apache.catalina.startup.VersionLoggerListener.log Command line argument: -Dcatalina.home=/home/vijay/anirudh/apache-tomcat-9.0.93
26-Aug-2024 11:53:02.547 INFO [main] org.apache.catalina.startup.VersionLoggerListener.log Command line argument: -Djava.io.tmpdir=/home/vijay/anirudh/apache-tomcat-9.0.93/temp
26-Aug-2024 11:53:02.549 INFO [main] org.apache.catalina.core.AprLifecycleListener.lifecycleEvent The Apache Tomcat Native library which allows using OpenSSL was not found on the java.library.path: [/usr/java/packages/lib:/usr/lib/x86_64-linux-gnu/jni:/lib/x86_64-linux-gnu:/usr/lib/x86_64-linux-gnu:/usr/lib/jni:/lib:/usr/lib]
26-Aug-2024 11:53:03.198 INFO [main] org.apache.coyote.AbstractProtocol.init Initializing ProtocolHandler ["http-nio-8080"]
26-Aug-2024 11:53:03.233 SEVERE [main] org.apache.catalina.util.LifecycleBase.handleSubClassException Failed to initialize component [Connector["http-nio-8080"]]
	org.apache.catalina.LifecycleException: Protocol handler initialization failed
		at org.apache.catalina.connector.Connector.initInternal(Connector.java:1027)
		at org.apache.catalina.util.LifecycleBase.init(LifecycleBase.java:122)
		at org.apache.catalina.core.StandardService.initInternal(StandardService.java:525)
		at org.apache.catalina.util.LifecycleBase.init(LifecycleBase.java:122)
		at org.apache.catalina.core.StandardServer.initInternal(StandardServer.java:990)
		at org.apache.catalina.util.LifecycleBase.init(LifecycleBase.java:122)
		at org.apache.catalina.startup.Catalina.load(Catalina.java:686)
		at org.apache.catalina.startup.Catalina.load(Catalina.java:709)
		at java.base/jdk.internal.reflect.DirectMethodHandleAccessor.invoke(DirectMethodHandleAccessor.java:103)
		at java.base/java.lang.reflect.Method.invoke(Method.java:580)
		at org.apache.catalina.startup.Bootstrap.load(Bootstrap.java:302)
		at org.apache.catalina.startup.Bootstrap.main(Bootstrap.java:472)
	Caused by: java.net.BindException: Address already in use
		at java.base/sun.nio.ch.Net.bind0(Native Method)
		at java.base/sun.nio.ch.Net.bind(Net.java:565)
		at java.base/sun.nio.ch.ServerSocketChannelImpl.netBind(ServerSocketChannelImpl.java:344)
		at java.base/sun.nio.ch.ServerSocketChannelImpl.bind(ServerSocketChannelImpl.java:301)
		at org.apache.tomcat.util.net.NioEndpoint.initServerSocket(NioEndpoint.java:268)
		at org.apache.tomcat.util.net.NioEndpoint.bind(NioEndpoint.java:223)
		at org.apache.tomcat.util.net.AbstractEndpoint.bindWithCleanup(AbstractEndpoint.java:1373)
		at org.apache.tomcat.util.net.AbstractEndpoint.init(AbstractEndpoint.java:1386)
		at org.apache.coyote.AbstractProtocol.init(AbstractProtocol.java:662)
		at org.apache.coyote.http11.AbstractHttp11Protocol.init(AbstractHttp11Protocol.java:77)
		at org.apache.catalina.connector.Connector.initInternal(Connector.java:1025)
		... 11 more
26-Aug-2024 11:53:03.238 INFO [main] org.apache.catalina.startup.Catalina.load Server initialization in [1041] milliseconds
26-Aug-2024 11:53:03.298 INFO [main] org.apache.catalina.core.StandardService.startInternal Starting service [Catalina]
26-Aug-2024 11:53:03.298 INFO [main] org.apache.catalina.core.StandardEngine.startInternal Starting Servlet engine: [Apache Tomcat/9.0.93]
26-Aug-2024 11:53:03.314 INFO [main] org.apache.catalina.startup.HostConfig.deployWAR Deploying web application archive [/home/vijay/anirudh/apache-tomcat-9.0.93/webapps/flipkart.war]
26-Aug-2024 11:53:03.919 INFO [main] org.apache.jasper.servlet.TldScanner.scanJars At least one JAR was scanned for TLDs yet contained no TLDs. Enable debug logging for this logger for a complete list of JARs that were scanned but no TLDs were found in them. Skipping unneeded JARs during scanning can improve startup time and JSP compilation time.
26-Aug-2024 11:53:03.963 INFO [main] org.apache.catalina.startup.HostConfig.deployWAR Deployment of web application archive [/home/vijay/anirudh/apache-tomcat-9.0.93/webapps/flipkart.war] has finished in [648] ms
26-Aug-2024 11:53:03.965 INFO [main] org.apache.catalina.startup.HostConfig.deployDirectory Deploying web application directory [/home/vijay/anirudh/apache-tomcat-9.0.93/webapps/host-manager]
26-Aug-2024 11:53:04.083 INFO [main] org.apache.jasper.servlet.TldScanner.scanJars At least one JAR was scanned for TLDs yet contained no TLDs. Enable debug logging for this logger for a complete list of JARs that were scanned but no TLDs were found in them. Skipping unneeded JARs during scanning can improve startup time and JSP compilation time.
26-Aug-2024 11:53:04.133 INFO [main] org.apache.catalina.startup.HostConfig.deployDirectory Deployment of web application directory [/home/vijay/anirudh/apache-tomcat-9.0.93/webapps/host-manager] has finished in [168] ms
26-Aug-2024 11:53:04.158 INFO [main] org.apache.catalina.startup.HostConfig.deployDirectory Deploying web application directory [/home/vijay/anirudh/apache-tomcat-9.0.93/webapps/manager]
26-Aug-2024 11:53:04.201 INFO [main] org.apache.jasper.servlet.TldScanner.scanJars At least one JAR was scanned for TLDs yet contained no TLDs. Enable debug logging for this logger for a complete list of JARs that were scanned but no TLDs were found in them. Skipping unneeded JARs during scanning can improve startup time and JSP compilation time.
26-Aug-2024 11:53:04.215 INFO [main] org.apache.catalina.startup.HostConfig.deployDirectory Deployment of web application directory [/home/vijay/anirudh/apache-tomcat-9.0.93/webapps/manager] has finished in [56] ms
26-Aug-2024 11:53:04.215 INFO [main] org.apache.catalina.startup.HostConfig.deployDirectory Deploying web application directory [/home/vijay/anirudh/apache-tomcat-9.0.93/webapps/docs]
26-Aug-2024 11:53:04.258 INFO [main] org.apache.jasper.servlet.TldScanner.scanJars At least one JAR was scanned for TLDs yet contained no TLDs. Enable debug logging for this logger for a complete list of JARs that were scanned but no TLDs were found in them. Skipping unneeded JARs during scanning can improve startup time and JSP compilation time.
26-Aug-2024 11:53:04.269 INFO [main] org.apache.catalina.startup.HostConfig.deployDirectory Deployment of web application directory [/home/vijay/anirudh/apache-tomcat-9.0.93/webapps/docs] has finished in [53] ms
26-Aug-2024 11:53:04.270 INFO [main] org.apache.catalina.startup.HostConfig.deployDirectory Deploying web application directory [/home/vijay/anirudh/apache-tomcat-9.0.93/webapps/ROOT]
26-Aug-2024 11:53:04.309 INFO [main] org.apache.jasper.servlet.TldScanner.scanJars At least one JAR was scanned for TLDs yet contained no TLDs. Enable debug logging for this logger for a complete list of JARs that were scanned but no TLDs were found in them. Skipping unneeded JARs during scanning can improve startup time and JSP compilation time.
26-Aug-2024 11:53:04.319 INFO [main] org.apache.catalina.startup.HostConfig.deployDirectory Deployment of web application directory [/home/vijay/anirudh/apache-tomcat-9.0.93/webapps/ROOT] has finished in [48] ms
26-Aug-2024 11:53:04.319 INFO [main] org.apache.catalina.startup.HostConfig.deployDirectory Deploying web application directory [/home/vijay/anirudh/apache-tomcat-9.0.93/webapps/examples]
26-Aug-2024 11:53:04.911 INFO [main] org.apache.jasper.servlet.TldScanner.scanJars At least one JAR was scanned for TLDs yet contained no TLDs. Enable debug logging for this logger for a complete list of JARs that were scanned but no TLDs were found in them. Skipping unneeded JARs during scanning can improve startup time and JSP compilation time.
26-Aug-2024 11:53:04.962 INFO [main] org.apache.catalina.startup.HostConfig.deployDirectory Deployment of web application directory [/home/vijay/anirudh/apache-tomcat-9.0.93/webapps/examples] has finished in [642] ms
26-Aug-2024 11:53:04.973 INFO [main] org.apache.catalina.startup.Catalina.start Server startup in [1717] milliseconds
26-Aug-2024 11:53:04.980 SEVERE [main] org.apache.catalina.core.StandardServer.await Failed to create server shutdown socket on address [localhost] and port [8005] (base port [8005] and offset [0])
	java.net.BindException: Address already in use
		at java.base/sun.nio.ch.Net.bind0(Native Method)
		at java.base/sun.nio.ch.Net.bind(Net.java:565)
		at java.base/sun.nio.ch.Net.bind(Net.java:554)
		at java.base/sun.nio.ch.NioSocketImpl.bind(NioSocketImpl.java:636)
		at java.base/java.net.ServerSocket.bind(ServerSocket.java:391)
		at java.base/java.net.ServerSocket.<init>(ServerSocket.java:278)
		at org.apache.catalina.core.StandardServer.await(StandardServer.java:541)
		at org.apache.catalina.startup.Catalina.await(Catalina.java:825)
		at org.apache.catalina.startup.Catalina.start(Catalina.java:773)
		at java.base/jdk.internal.reflect.DirectMethodHandleAccessor.invoke(DirectMethodHandleAccessor.java:103)
		at java.base/java.lang.reflect.Method.invoke(Method.java:580)
		at org.apache.catalina.startup.Bootstrap.start(Bootstrap.java:345)
		at org.apache.catalina.startup.Bootstrap.main(Bootstrap.java:473)
26-Aug-2024 11:53:04.981 INFO [main] org.apache.coyote.AbstractProtocol.pause Pausing ProtocolHandler ["http-nio-8080"]
26-Aug-2024 11:53:04.981 INFO [main] org.apache.catalina.core.StandardService.stopInternal Stopping service [Catalina]
26-Aug-2024 11:53:05.056 INFO [main] org.apache.coyote.AbstractProtocol.stop Stopping ProtocolHandler ["http-nio-8080"]
26-Aug-2024 11:53:05.061 INFO [main] org.apache.coyote.AbstractProtocol.destroy Destroying ProtocolHandler ["http-nio-8080"]
26-Aug-2024 12:08:45.487 INFO [main] org.apache.catalina.startup.VersionLoggerListener.log Server version name:   Apache Tomcat/9.0.93
26-Aug-2024 12:08:45.495 INFO [main] org.apache.catalina.startup.VersionLoggerListener.log Server built:          Aug 2 2024 21:24:59 UTC
26-Aug-2024 12:08:45.496 INFO [main] org.apache.catalina.startup.VersionLoggerListener.log Server version number: 9.0.93.0
26-Aug-2024 12:08:45.496 INFO [main] org.apache.catalina.startup.VersionLoggerListener.log OS Name:               Linux
26-Aug-2024 12:08:45.496 INFO [main] org.apache.catalina.startup.VersionLoggerListener.log OS Version:            6.8.0-39-generic
26-Aug-2024 12:08:45.496 INFO [main] org.apache.catalina.startup.VersionLoggerListener.log Architecture:          amd64
26-Aug-2024 12:08:45.496 INFO [main] org.apache.catalina.startup.VersionLoggerListener.log Java Home:             /usr/lib/jvm/java-21-openjdk-amd64
26-Aug-2024 12:08:45.496 INFO [main] org.apache.catalina.startup.VersionLoggerListener.log JVM Version:           21.0.4+7-Ubuntu-1ubuntu224.04
26-Aug-2024 12:08:45.496 INFO [main] org.apache.catalina.startup.VersionLoggerListener.log JVM Vendor:            Ubuntu
26-Aug-2024 12:08:45.496 INFO [main] org.apache.catalina.startup.VersionLoggerListener.log CATALINA_BASE:         /home/vijay/anirudh/apache-tomcat-9.0.93
26-Aug-2024 12:08:45.496 INFO [main] org.apache.catalina.startup.VersionLoggerListener.log CATALINA_HOME:         /home/vijay/anirudh/apache-tomcat-9.0.93
26-Aug-2024 12:08:45.514 INFO [main] org.apache.catalina.startup.VersionLoggerListener.log Command line argument: --add-opens=java.base/java.lang=ALL-UNNAMED
26-Aug-2024 12:08:45.515 INFO [main] org.apache.catalina.startup.VersionLoggerListener.log Command line argument: --add-opens=java.base/java.io=ALL-UNNAMED
26-Aug-2024 12:08:45.516 INFO [main] org.apache.catalina.startup.VersionLoggerListener.log Command line argument: --add-opens=java.base/java.util=ALL-UNNAMED
26-Aug-2024 12:08:45.516 INFO [main] org.apache.catalina.startup.VersionLoggerListener.log Command line argument: --add-opens=java.base/java.util.concurrent=ALL-UNNAMED
26-Aug-2024 12:08:45.517 INFO [main] org.apache.catalina.startup.VersionLoggerListener.log Command line argument: --add-opens=java.rmi/sun.rmi.transport=ALL-UNNAMED
26-Aug-2024 12:08:45.517 INFO [main] org.apache.catalina.startup.VersionLoggerListener.log Command line argument: -Djava.util.logging.config.file=/home/vijay/anirudh/apache-tomcat-9.0.93/conf/logging.properties
26-Aug-2024 12:08:45.517 INFO [main] org.apache.catalina.startup.VersionLoggerListener.log Command line argument: -Djava.util.logging.manager=org.apache.juli.ClassLoaderLogManager
26-Aug-2024 12:08:45.517 INFO [main] org.apache.catalina.startup.VersionLoggerListener.log Command line argument: -Djdk.tls.ephemeralDHKeySize=2048
26-Aug-2024 12:08:45.517 INFO [main] org.apache.catalina.startup.VersionLoggerListener.log Command line argument: -Djava.protocol.handler.pkgs=org.apache.catalina.webresources
26-Aug-2024 12:08:45.517 INFO [main] org.apache.catalina.startup.VersionLoggerListener.log Command line argument: -Dorg.apache.catalina.security.SecurityListener.UMASK=0027
26-Aug-2024 12:08:45.517 INFO [main] org.apache.catalina.startup.VersionLoggerListener.log Command line argument: -Dignore.endorsed.dirs=
26-Aug-2024 12:08:45.517 INFO [main] org.apache.catalina.startup.VersionLoggerListener.log Command line argument: -Dcatalina.base=/home/vijay/anirudh/apache-tomcat-9.0.93
26-Aug-2024 12:08:45.518 INFO [main] org.apache.catalina.startup.VersionLoggerListener.log Command line argument: -Dcatalina.home=/home/vijay/anirudh/apache-tomcat-9.0.93
26-Aug-2024 12:08:45.518 INFO [main] org.apache.catalina.startup.VersionLoggerListener.log Command line argument: -Djava.io.tmpdir=/home/vijay/anirudh/apache-tomcat-9.0.93/temp
26-Aug-2024 12:08:45.525 INFO [main] org.apache.catalina.core.AprLifecycleListener.lifecycleEvent The Apache Tomcat Native library which allows using OpenSSL was not found on the java.library.path: [/usr/java/packages/lib:/usr/lib/x86_64-linux-gnu/jni:/lib/x86_64-linux-gnu:/usr/lib/x86_64-linux-gnu:/usr/lib/jni:/lib:/usr/lib]
26-Aug-2024 12:08:46.242 INFO [main] org.apache.coyote.AbstractProtocol.init Initializing ProtocolHandler ["http-nio-8080"]
26-Aug-2024 12:08:46.262 SEVERE [main] org.apache.catalina.util.LifecycleBase.handleSubClassException Failed to initialize component [Connector["http-nio-8080"]]
	org.apache.catalina.LifecycleException: Protocol handler initialization failed
		at org.apache.catalina.connector.Connector.initInternal(Connector.java:1027)
		at org.apache.catalina.util.LifecycleBase.init(LifecycleBase.java:122)
		at org.apache.catalina.core.StandardService.initInternal(StandardService.java:525)
		at org.apache.catalina.util.LifecycleBase.init(LifecycleBase.java:122)
		at org.apache.catalina.core.StandardServer.initInternal(StandardServer.java:990)
		at org.apache.catalina.util.LifecycleBase.init(LifecycleBase.java:122)
		at org.apache.catalina.startup.Catalina.load(Catalina.java:686)
		at org.apache.catalina.startup.Catalina.load(Catalina.java:709)
		at java.base/jdk.internal.reflect.DirectMethodHandleAccessor.invoke(DirectMethodHandleAccessor.java:103)
		at java.base/java.lang.reflect.Method.invoke(Method.java:580)
		at org.apache.catalina.startup.Bootstrap.load(Bootstrap.java:302)
		at org.apache.catalina.startup.Bootstrap.main(Bootstrap.java:472)
	Caused by: java.net.BindException: Address already in use
		at java.base/sun.nio.ch.Net.bind0(Native Method)
		at java.base/sun.nio.ch.Net.bind(Net.java:565)
		at java.base/sun.nio.ch.ServerSocketChannelImpl.netBind(ServerSocketChannelImpl.java:344)
		at java.base/sun.nio.ch.ServerSocketChannelImpl.bind(ServerSocketChannelImpl.java:301)
		at org.apache.tomcat.util.net.NioEndpoint.initServerSocket(NioEndpoint.java:268)
		at org.apache.tomcat.util.net.NioEndpoint.bind(NioEndpoint.java:223)
		at org.apache.tomcat.util.net.AbstractEndpoint.bindWithCleanup(AbstractEndpoint.java:1373)
		at org.apache.tomcat.util.net.AbstractEndpoint.init(AbstractEndpoint.java:1386)
		at org.apache.coyote.AbstractProtocol.init(AbstractProtocol.java:662)
		at org.apache.coyote.http11.AbstractHttp11Protocol.init(AbstractHttp11Protocol.java:77)
		at org.apache.catalina.connector.Connector.initInternal(Connector.java:1025)
		... 11 more
26-Aug-2024 12:08:46.266 INFO [main] org.apache.catalina.startup.Catalina.load Server initialization in [1115] milliseconds
26-Aug-2024 12:08:46.330 INFO [main] org.apache.catalina.core.StandardService.startInternal Starting service [Catalina]
26-Aug-2024 12:08:46.331 INFO [main] org.apache.catalina.core.StandardEngine.startInternal Starting Servlet engine: [Apache Tomcat/9.0.93]
26-Aug-2024 12:08:46.356 INFO [main] org.apache.catalina.startup.HostConfig.deployWAR Deploying web application archive [/home/vijay/anirudh/apache-tomcat-9.0.93/webapps/flipkart.war]
26-Aug-2024 12:08:46.862 INFO [main] org.apache.jasper.servlet.TldScanner.scanJars At least one JAR was scanned for TLDs yet contained no TLDs. Enable debug logging for this logger for a complete list of JARs that were scanned but no TLDs were found in them. Skipping unneeded JARs during scanning can improve startup time and JSP compilation time.
26-Aug-2024 12:08:46.901 INFO [main] org.apache.catalina.startup.HostConfig.deployWAR Deployment of web application archive [/home/vijay/anirudh/apache-tomcat-9.0.93/webapps/flipkart.war] has finished in [546] ms
26-Aug-2024 12:08:46.906 INFO [main] org.apache.catalina.startup.HostConfig.deployDirectory Deploying web application directory [/home/vijay/anirudh/apache-tomcat-9.0.93/webapps/host-manager]
26-Aug-2024 12:08:47.024 INFO [main] org.apache.jasper.servlet.TldScanner.scanJars At least one JAR was scanned for TLDs yet contained no TLDs. Enable debug logging for this logger for a complete list of JARs that were scanned but no TLDs were found in them. Skipping unneeded JARs during scanning can improve startup time and JSP compilation time.
26-Aug-2024 12:08:47.086 INFO [main] org.apache.catalina.startup.HostConfig.deployDirectory Deployment of web application directory [/home/vijay/anirudh/apache-tomcat-9.0.93/webapps/host-manager] has finished in [180] ms
26-Aug-2024 12:08:47.086 INFO [main] org.apache.catalina.startup.HostConfig.deployDirectory Deploying web application directory [/home/vijay/anirudh/apache-tomcat-9.0.93/webapps/manager]
26-Aug-2024 12:08:47.156 INFO [main] org.apache.jasper.servlet.TldScanner.scanJars At least one JAR was scanned for TLDs yet contained no TLDs. Enable debug logging for this logger for a complete list of JARs that were scanned but no TLDs were found in them. Skipping unneeded JARs during scanning can improve startup time and JSP compilation time.
26-Aug-2024 12:08:47.160 INFO [main] org.apache.catalina.startup.HostConfig.deployDirectory Deployment of web application directory [/home/vijay/anirudh/apache-tomcat-9.0.93/webapps/manager] has finished in [74] ms
26-Aug-2024 12:08:47.161 INFO [main] org.apache.catalina.startup.HostConfig.deployDirectory Deploying web application directory [/home/vijay/anirudh/apache-tomcat-9.0.93/webapps/docs]
26-Aug-2024 12:08:47.213 INFO [main] org.apache.jasper.servlet.TldScanner.scanJars At least one JAR was scanned for TLDs yet contained no TLDs. Enable debug logging for this logger for a complete list of JARs that were scanned but no TLDs were found in them. Skipping unneeded JARs during scanning can improve startup time and JSP compilation time.
26-Aug-2024 12:08:47.215 INFO [main] org.apache.catalina.startup.HostConfig.deployDirectory Deployment of web application directory [/home/vijay/anirudh/apache-tomcat-9.0.93/webapps/docs] has finished in [54] ms
26-Aug-2024 12:08:47.216 INFO [main] org.apache.catalina.startup.HostConfig.deployDirectory Deploying web application directory [/home/vijay/anirudh/apache-tomcat-9.0.93/webapps/ROOT]
26-Aug-2024 12:08:47.258 INFO [main] org.apache.jasper.servlet.TldScanner.scanJars At least one JAR was scanned for TLDs yet contained no TLDs. Enable debug logging for this logger for a complete list of JARs that were scanned but no TLDs were found in them. Skipping unneeded JARs during scanning can improve startup time and JSP compilation time.
26-Aug-2024 12:08:47.261 INFO [main] org.apache.catalina.startup.HostConfig.deployDirectory Deployment of web application directory [/home/vijay/anirudh/apache-tomcat-9.0.93/webapps/ROOT] has finished in [45] ms
26-Aug-2024 12:08:47.261 INFO [main] org.apache.catalina.startup.HostConfig.deployDirectory Deploying web application directory [/home/vijay/anirudh/apache-tomcat-9.0.93/webapps/examples]
26-Aug-2024 12:08:47.604 INFO [main] org.apache.jasper.servlet.TldScanner.scanJars At least one JAR was scanned for TLDs yet contained no TLDs. Enable debug logging for this logger for a complete list of JARs that were scanned but no TLDs were found in them. Skipping unneeded JARs during scanning can improve startup time and JSP compilation time.
26-Aug-2024 12:08:47.629 INFO [main] org.apache.catalina.startup.HostConfig.deployDirectory Deployment of web application directory [/home/vijay/anirudh/apache-tomcat-9.0.93/webapps/examples] has finished in [368] ms
26-Aug-2024 12:08:47.638 INFO [main] org.apache.catalina.startup.Catalina.start Server startup in [1369] milliseconds
26-Aug-2024 12:08:47.646 SEVERE [main] org.apache.catalina.core.StandardServer.await Failed to create server shutdown socket on address [localhost] and port [8005] (base port [8005] and offset [0])
	java.net.BindException: Address already in use
		at java.base/sun.nio.ch.Net.bind0(Native Method)
		at java.base/sun.nio.ch.Net.bind(Net.java:565)
		at java.base/sun.nio.ch.Net.bind(Net.java:554)
		at java.base/sun.nio.ch.NioSocketImpl.bind(NioSocketImpl.java:636)
		at java.base/java.net.ServerSocket.bind(ServerSocket.java:391)
		at java.base/java.net.ServerSocket.<init>(ServerSocket.java:278)
		at org.apache.catalina.core.StandardServer.await(StandardServer.java:541)
		at org.apache.catalina.startup.Catalina.await(Catalina.java:825)
		at org.apache.catalina.startup.Catalina.start(Catalina.java:773)
		at java.base/jdk.internal.reflect.DirectMethodHandleAccessor.invoke(DirectMethodHandleAccessor.java:103)
		at java.base/java.lang.reflect.Method.invoke(Method.java:580)
		at org.apache.catalina.startup.Bootstrap.start(Bootstrap.java:345)
		at org.apache.catalina.startup.Bootstrap.main(Bootstrap.java:473)
26-Aug-2024 12:08:47.648 INFO [main] org.apache.coyote.AbstractProtocol.pause Pausing ProtocolHandler ["http-nio-8080"]
26-Aug-2024 12:08:47.649 INFO [main] org.apache.catalina.core.StandardService.stopInternal Stopping service [Catalina]
26-Aug-2024 12:08:47.732 INFO [main] org.apache.coyote.AbstractProtocol.stop Stopping ProtocolHandler ["http-nio-8080"]
26-Aug-2024 12:08:47.735 INFO [main] org.apache.coyote.AbstractProtocol.destroy Destroying ProtocolHandler ["http-nio-8080"]
